============================================================
Time  2020/11/16 15:42:16 537 
============================================================
[2020/11/16 15:42:16 537] lgi        684  SYS_MSG_LOAD  
[2020/11/16 15:42:16 539] lgi        706  SYS_MSG_REGCB  msp_status_cb  func(84013750) 
[2020/11/16 15:42:16 539] lgi        298  LGI_MSG_INIT  
[2020/11/16 15:42:16 539] lgi        305  lgi  lgi_  268436457  1573451739  
[2020/11/16 15:42:16 540] lgi        347  work_dir  .  
[2020/11/16 15:42:16 540] lgi        403  token:  nil  
[2020/11/16 15:42:16 540] lgi        476  msc cver : 5.0.44.1288  
[2020/11/16 15:42:16 540] lgi        519  ns_enable=  1  
[2020/11/16 15:42:16 540] lgi        531  prot_ver=1  
[2020/11/16 15:42:16 540] lgi        542  prot_type=tcp  
[2020/11/16 15:42:16 541] lgi        693  SYS_MSG_UNLOAD  go bg!  
[2020/11/16 15:42:29 783] lgi        697  SYS_MSG_SHUTDOWN  
============================================================
Time  2020/11/16 16:13:57 877 
============================================================
[2020/11/16 16:13:57 877] lgi        684  SYS_MSG_LOAD  
[2020/11/16 16:13:57 879] lgi        706  SYS_MSG_REGCB  msp_status_cb  func(1c013750) 
[2020/11/16 16:13:57 879] lgi        298  LGI_MSG_INIT  
[2020/11/16 16:13:57 879] lgi        305  lgi  lgi_  268436457  1573451739  
[2020/11/16 16:13:57 880] lgi        347  work_dir  .  
[2020/11/16 16:13:57 880] lgi        403  token:  nil  
[2020/11/16 16:13:57 880] lgi        476  msc cver : 5.0.44.1288  
[2020/11/16 16:13:57 880] lgi        519  ns_enable=  1  
[2020/11/16 16:13:57 880] lgi        531  prot_ver=1  
[2020/11/16 16:13:57 880] lgi        542  prot_type=tcp  
[2020/11/16 16:13:57 881] lgi        693  SYS_MSG_UNLOAD  go bg!  
[2020/11/16 16:14:01 115] lgi        697  SYS_MSG_SHUTDOWN  
============================================================
Time  2020/11/16 18:41:06 608 
============================================================
[2020/11/16 18:41:06 608] lgi        684  SYS_MSG_LOAD  
[2020/11/16 18:41:06 608] lgi        706  SYS_MSG_REGCB  msp_status_cb  func(c053770) 
[2020/11/16 18:41:06 609] lgi        298  LGI_MSG_INIT  
[2020/11/16 18:41:06 609] lgi        305  lgi  lgi_  268436457  1573451739  
[2020/11/16 18:41:06 609] lgi        347  work_dir  .  
[2020/11/16 18:41:06 609] lgi        403  token:  nil  
[2020/11/16 18:41:06 609] lgi        476  msc cver : 5.0.44.1288  
[2020/11/16 18:41:06 609] lgi        519  ns_enable=  1  
[2020/11/16 18:41:06 609] lgi        531  prot_ver=1  
[2020/11/16 18:41:06 609] lgi        542  prot_type=tcp  
[2020/11/16 18:41:06 609] lgi        693  SYS_MSG_UNLOAD  go bg!  
[2020/11/16 18:41:09 672] lgi        697  SYS_MSG_SHUTDOWN  
